[0.007s] Invoking command in '/home/alex/thesis_ws/build/pointcloud_to_laserscan': CMAKE_PREFIX_PATH=${CMAKE_PREFIX_PATH}:/opt/ros/humble /usr/bin/cmake --build /home/alex/thesis_ws/build/pointcloud_to_laserscan -- -j8 -l8
[0.042s] [ 40%] Built target laserscan_to_pointcloud_node
[0.042s] [ 40%] Built target pointcloud_to_laserscan_node
[0.042s] [ 60%] Built target laserscan_to_pointcloud
[0.052s] [35m[1mConsolidate compiler generated dependencies of target pointcloud_to_laserscan[0m
[0.069s] [ 70%] [32mBuilding CXX object CMakeFiles/pointcloud_to_laserscan.dir/src/pointcloud_to_laserscan_node.cpp.o[0m
[2.442s] [01m[K/home/alex/thesis_ws/src/pointcloud_to_laserscan/src/pointcloud_to_laserscan_node.cpp:[m[K In member function â€˜[01m[Kvoid pointcloud_to_laserscan::PointCloudToLaserScanNode::cloudCallback(sensor_msgs::msg::PointCloud2_<std::allocator<void> >::ConstSharedPtr)[m[Kâ€™:
[2.442s] [01m[K/home/alex/thesis_ws/src/pointcloud_to_laserscan/src/pointcloud_to_laserscan_node.cpp:211:21:[m[K [01;31m[Kerror: [m[Kno matching function for call to â€˜[01m[KdoTransform(std::__shared_ptr_access<const sensor_msgs::msg::PointCloud2_<std::allocator<void> >, __gnu_cxx::_S_atomic, false, false>::element_type&, std::__shared_ptr_access<sensor_msgs::msg::PointCloud2_<std::allocator<void> >, __gnu_cxx::_S_atomic, false, false>::element_type&, geometry_msgs::msg::TransformStamped&, tf2::Duration)[m[Kâ€™
[2.442s]   211 |     [01;31m[Ktf2::doTransform(*cloud_msg, *cloud, noattitude_transform, tf2::durationFromSec(tolerance_))[m[K;
[2.442s]       |     [01;31m[K~~~~~~~~~~~~~~~~^~~~~~~~~~~~~~~~~~~~~~~~~~~~~~~~~~~~~~~~~~~~~~~~~~~~~~~~~~~~~~~~~~~~~~~~~~~~[m[K
[2.442s] In file included from [01m[K/opt/ros/humble/include/tf2_ros/tf2_ros/buffer_interface.h:43[m[K,
[2.442s]                  from [01m[K/opt/ros/humble/include/tf2_ros/tf2_ros/buffer.h:42[m[K,
[2.442s]                  from [01m[K/home/alex/thesis_ws/src/pointcloud_to_laserscan/include/pointcloud_to_laserscan/pointcloud_to_laserscan_node.hpp:50[m[K,
[2.442s]                  from [01m[K/home/alex/thesis_ws/src/pointcloud_to_laserscan/src/pointcloud_to_laserscan_node.cpp:41[m[K:
[2.442s] [01m[K/opt/ros/humble/include/tf2/tf2/convert.hpp:58:6:[m[K [01;36m[Knote: [m[Kcandidate: â€˜[01m[Ktemplate<class T> void tf2::doTransform(const T&, T&, const TransformStamped&)[m[Kâ€™
[2.442s]    58 | void [01;36m[KdoTransform[m[K(
[2.442s]       |      [01;36m[K^~~~~~~~~~~[m[K
[2.442s] [01m[K/opt/ros/humble/include/tf2/tf2/convert.hpp:58:6:[m[K [01;36m[Knote: [m[K  template argument deduction/substitution failed:
[2.442s] [01m[K/home/alex/thesis_ws/src/pointcloud_to_laserscan/src/pointcloud_to_laserscan_node.cpp:211:21:[m[K [01;36m[Knote: [m[K  candidate expects 3 arguments, 4 provided
[2.442s]   211 |     [01;36m[Ktf2::doTransform(*cloud_msg, *cloud, noattitude_transform, tf2::durationFromSec(tolerance_))[m[K;
[2.442s]       |     [01;36m[K~~~~~~~~~~~~~~~~^~~~~~~~~~~~~~~~~~~~~~~~~~~~~~~~~~~~~~~~~~~~~~~~~~~~~~~~~~~~~~~~~~~~~~~~~~~~[m[K
[4.613s] gmake[2]: *** [CMakeFiles/pointcloud_to_laserscan.dir/build.make:76: CMakeFiles/pointcloud_to_laserscan.dir/src/pointcloud_to_laserscan_node.cpp.o] Error 1
[4.613s] gmake[1]: *** [CMakeFiles/Makefile2:197: CMakeFiles/pointcloud_to_laserscan.dir/all] Error 2
[4.613s] gmake: *** [Makefile:146: all] Error 2
[4.615s] Invoked command in '/home/alex/thesis_ws/build/pointcloud_to_laserscan' returned '2': CMAKE_PREFIX_PATH=${CMAKE_PREFIX_PATH}:/opt/ros/humble /usr/bin/cmake --build /home/alex/thesis_ws/build/pointcloud_to_laserscan -- -j8 -l8
