[0.008s] Invoking command in '/home/alex/thesis_ws/build/pointcloud_to_laserscan': AMENT_PREFIX_PATH=/home/alex/thesis_ws/install/pcl_ros:/home/alex/thesis_ws/install/pcl_conversions:${AMENT_PREFIX_PATH} CMAKE_PREFIX_PATH=/home/alex/thesis_ws/install/pcl_ros:/home/alex/thesis_ws/install/pcl_conversions:/home/alex/thesis_ws/install/pointcloud_to_laserscan:/opt/ros/humble LD_LIBRARY_PATH=/home/alex/thesis_ws/install/pcl_ros/lib:${LD_LIBRARY_PATH} /usr/bin/cmake --build /home/alex/thesis_ws/build/pointcloud_to_laserscan -- -j8 -l8
[0.025s] -- Found ament_cmake_auto: 1.3.11 (/opt/ros/humble/share/ament_cmake_auto/cmake)
[0.109s] -- Found pcl_ros: 2.4.5 (/home/alex/thesis_ws/install/pcl_ros/share/pcl_ros/cmake)
[0.129s] -- Found rosidl_generator_c: 3.1.6 (/opt/ros/humble/share/rosidl_generator_c/cmake)
[0.131s] -- Found rosidl_adapter: 3.1.6 (/opt/ros/humble/share/rosidl_adapter/cmake)
[0.135s] -- Found rosidl_generator_cpp: 3.1.6 (/opt/ros/humble/share/rosidl_generator_cpp/cmake)
[0.141s] -- Using all available rosidl_typesupport_c: rosidl_typesupport_fastrtps_c;rosidl_typesupport_introspection_c
[0.149s] -- Using all available rosidl_typesupport_cpp: rosidl_typesupport_fastrtps_cpp;rosidl_typesupport_introspection_cpp
[0.168s] -- Found rmw_implementation_cmake: 6.1.2 (/opt/ros/humble/share/rmw_implementation_cmake/cmake)
[0.169s] -- Found rmw_fastrtps_cpp: 6.2.7 (/opt/ros/humble/share/rmw_fastrtps_cpp/cmake)
[0.229s] -- Using RMW implementation 'rmw_fastrtps_cpp' as default
[0.299s] -- Eigen found (include: /usr/include/eigen3, version: 3.4.0)
[0.317s] -- FLANN found (include: /usr/include, lib: /usr/lib/x86_64-linux-gnu/libflann_cpp.so)
[0.494s] -- OpenNI found (version: 1.5.4.0, include: /usr/include/ni, lib: /usr/lib/libOpenNI.so;libusb::libusb)
[0.498s] -- OpenNI2 found (version: 2.2.0.33, include: /usr/include/openni2, lib: /usr/lib/x86_64-linux-gnu/libOpenNI2.so;libusb::libusb)
[0.592s] -- Eigen found (include: /usr/include/eigen3, version: 3.4.0)
[0.596s] -- OpenNI found (version: 1.5.4.0, include: /usr/include/ni, lib: /usr/lib/libOpenNI.so;libusb::libusb)
[0.600s] -- OpenNI2 found (version: 2.2.0.33, include: /usr/include/openni2, lib: /usr/lib/x86_64-linux-gnu/libOpenNI2.so;libusb::libusb)
[0.687s] -- Found Qhull version 8.0.2
[0.776s] -- OpenNI found (version: 1.5.4.0, include: /usr/include/ni, lib: /usr/lib/libOpenNI.so;libusb::libusb)
[0.877s] -- Found eigen3_cmake_module: 0.1.1 (/opt/ros/humble/share/eigen3_cmake_module/cmake)
[0.878s] -- Ensuring Eigen3 include directory is part of orocos-kdl CMake target
[0.985s] -- Found ament_lint_auto: 0.12.11 (/opt/ros/humble/share/ament_lint_auto/cmake)
[0.991s] -- Added test 'cppcheck' to perform static code analysis on C / C++ code
[0.991s] -- Configured cppcheck include dirs: /home/alex/thesis_ws/src/pointcloud_to_laserscan/include
[0.991s] -- Configured cppcheck exclude dirs and/or files: 
[0.992s] -- Added test 'cpplint' to check C / C++ code against the Google style
[0.992s] -- Configured cpplint exclude dirs and/or files: 
[0.993s] -- Added test 'flake8' to check Python code syntax and style conventions
[0.993s] -- Added test 'lint_cmake' to check CMake code style
[0.993s] -- Added test 'pep257' to check Python code against some of the docstring style conventions in PEP 257
[0.995s] -- Added test 'uncrustify' to check C / C++ code style
[0.995s] -- Configured uncrustify additional arguments: 
[0.995s] -- Added test 'xmllint' to check XML markup files
[0.996s] -- Configuring done
[1.046s] -- Generating done
[1.057s] -- Build files have been written to: /home/alex/thesis_ws/build/pointcloud_to_laserscan
[1.079s] [35m[1mConsolidate compiler generated dependencies of target laserscan_to_pointcloud_node[0m
[1.079s] [35m[1mConsolidate compiler generated dependencies of target pointcloud_to_laserscan_node[0m
[1.079s] [35m[1mConsolidate compiler generated dependencies of target laserscan_to_pointcloud[0m
[1.090s] [ 20%] Built target laserscan_to_pointcloud_node
[1.092s] [ 40%] Built target pointcloud_to_laserscan_node
[1.092s] [ 60%] Built target laserscan_to_pointcloud
[1.100s] [35m[1mConsolidate compiler generated dependencies of target pointcloud_to_laserscan[0m
[1.118s] [ 70%] [32mBuilding CXX object CMakeFiles/pointcloud_to_laserscan.dir/src/pointcloud_to_laserscan_node.cpp.o[0m
[4.538s] [01m[K/home/alex/thesis_ws/src/pointcloud_to_laserscan/src/pointcloud_to_laserscan_node.cpp:[m[K In member function â€˜[01m[Kvoid pointcloud_to_laserscan::PointCloudToLaserScanNode::cloudCallback(sensor_msgs::msg::PointCloud2_<std::allocator<void> >::ConstSharedPtr)[m[Kâ€™:
[4.538s] [01m[K/home/alex/thesis_ws/src/pointcloud_to_laserscan/src/pointcloud_to_laserscan_node.cpp:203:33:[m[K [01;31m[Kerror: [m[Kno matching function for call to â€˜[01m[KtransformPointCloud(geometry_msgs::msg::TransformStamped&, std::__shared_ptr_access<const sensor_msgs::msg::PointCloud2_<std::allocator<void> >, __gnu_cxx::_S_atomic, false, false>::element_type&, std::__shared_ptr_access<sensor_msgs::msg::PointCloud2_<std::allocator<void> >, __gnu_cxx::_S_atomic, false, false>::element_type&, tf2_ros::Buffer&)[m[Kâ€™
[4.538s]   203 |     [01;31m[Kpcl_ros::transformPointCloud(noattitude_transform, *cloud_msg, *cloud, *tf2_)[m[K;
[4.538s]       |     [01;31m[K~~~~~~~~~~~~~~~~~~~~~~~~~~~~^~~~~~~~~~~~~~~~~~~~~~~~~~~~~~~~~~~~~~~~~~~~~~~~~[m[K
[4.538s] In file included from [01m[K/home/alex/thesis_ws/src/pointcloud_to_laserscan/src/pointcloud_to_laserscan_node.cpp:57[m[K:
[4.539s] [01m[K/home/alex/thesis_ws/install/pcl_ros/include/pcl_ros/pcl_ros/transforms.hpp:118:1:[m[K [01;36m[Knote: [m[Kcandidate: â€˜[01m[Ktemplate<class PointT> void pcl_ros::transformPointCloud(const pcl::PointCloud<PointT>&, pcl::PointCloud<PointT>&, const tf2::Transform&)[m[Kâ€™
[4.539s]   118 | [01;36m[KtransformPointCloud[m[K(
[4.539s]       | [01;36m[K^~~~~~~~~~~~~~~~~~~[m[K
[4.539s] [01m[K/home/alex/thesis_ws/install/pcl_ros/include/pcl_ros/pcl_ros/transforms.hpp:118:1:[m[K [01;36m[Knote: [m[K  template argument deduction/substitution failed:
[4.539s] [01m[K/home/alex/thesis_ws/src/pointcloud_to_laserscan/src/pointcloud_to_laserscan_node.cpp:203:33:[m[K [01;36m[Knote: [m[K  â€˜[01m[Kgeometry_msgs::msg::TransformStamped[m[Kâ€™ {aka â€˜[01m[Kgeometry_msgs::msg::TransformStamped_<std::allocator<void> >[m[Kâ€™} is not derived from â€˜[01m[Kconst pcl::PointCloud<PointT>[m[Kâ€™
[4.539s]   203 |     [01;36m[Kpcl_ros::transformPointCloud(noattitude_transform, *cloud_msg, *cloud, *tf2_)[m[K;
[4.539s]       |     [01;36m[K~~~~~~~~~~~~~~~~~~~~~~~~~~~~^~~~~~~~~~~~~~~~~~~~~~~~~~~~~~~~~~~~~~~~~~~~~~~~~[m[K
[4.539s] In file included from [01m[K/home/alex/thesis_ws/src/pointcloud_to_laserscan/src/pointcloud_to_laserscan_node.cpp:57[m[K:
[4.539s] [01m[K/home/alex/thesis_ws/install/pcl_ros/include/pcl_ros/pcl_ros/transforms.hpp:131:1:[m[K [01;36m[Knote: [m[Kcandidate: â€˜[01m[Ktemplate<class PointT> void pcl_ros::transformPointCloud(const pcl::PointCloud<PointT>&, pcl::PointCloud<PointT>&, const TransformStamped&)[m[Kâ€™
[4.539s]   131 | [01;36m[KtransformPointCloud[m[K(
[4.539s]       | [01;36m[K^~~~~~~~~~~~~~~~~~~[m[K
[4.539s] [01m[K/home/alex/thesis_ws/install/pcl_ros/include/pcl_ros/pcl_ros/transforms.hpp:131:1:[m[K [01;36m[Knote: [m[K  template argument deduction/substitution failed:
[4.539s] [01m[K/home/alex/thesis_ws/src/pointcloud_to_laserscan/src/pointcloud_to_laserscan_node.cpp:203:33:[m[K [01;36m[Knote: [m[K  â€˜[01m[Kgeometry_msgs::msg::TransformStamped[m[Kâ€™ {aka â€˜[01m[Kgeometry_msgs::msg::TransformStamped_<std::allocator<void> >[m[Kâ€™} is not derived from â€˜[01m[Kconst pcl::PointCloud<PointT>[m[Kâ€™
[4.539s]   203 |     [01;36m[Kpcl_ros::transformPointCloud(noattitude_transform, *cloud_msg, *cloud, *tf2_)[m[K;
[4.539s]       |     [01;36m[K~~~~~~~~~~~~~~~~~~~~~~~~~~~~^~~~~~~~~~~~~~~~~~~~~~~~~~~~~~~~~~~~~~~~~~~~~~~~~[m[K
[4.539s] In file included from [01m[K/home/alex/thesis_ws/src/pointcloud_to_laserscan/src/pointcloud_to_laserscan_node.cpp:57[m[K:
[4.540s] [01m[K/home/alex/thesis_ws/install/pcl_ros/include/pcl_ros/pcl_ros/transforms.hpp:144:1:[m[K [01;36m[Knote: [m[Kcandidate: â€˜[01m[Ktemplate<class PointT> bool pcl_ros::transformPointCloud(const string&, const pcl::PointCloud<PointT>&, pcl::PointCloud<PointT>&, const tf2_ros::Buffer&)[m[Kâ€™
[4.540s]   144 | [01;36m[KtransformPointCloud[m[K(
[4.540s]       | [01;36m[K^~~~~~~~~~~~~~~~~~~[m[K
[4.540s] [01m[K/home/alex/thesis_ws/install/pcl_ros/include/pcl_ros/pcl_ros/transforms.hpp:144:1:[m[K [01;36m[Knote: [m[K  template argument deduction/substitution failed:
[4.540s] [01m[K/home/alex/thesis_ws/src/pointcloud_to_laserscan/src/pointcloud_to_laserscan_node.cpp:203:33:[m[K [01;36m[Knote: [m[K  â€˜[01m[Kstd::__shared_ptr_access<const sensor_msgs::msg::PointCloud2_<std::allocator<void> >, __gnu_cxx::_S_atomic, false, false>::element_type[m[Kâ€™ {aka â€˜[01m[Kconst sensor_msgs::msg::PointCloud2_<std::allocator<void> >[m[Kâ€™} is not derived from â€˜[01m[Kconst pcl::PointCloud<PointT>[m[Kâ€™
[4.540s]   203 |     [01;36m[Kpcl_ros::transformPointCloud(noattitude_transform, *cloud_msg, *cloud, *tf2_)[m[K;
[4.540s]       |     [01;36m[K~~~~~~~~~~~~~~~~~~~~~~~~~~~~^~~~~~~~~~~~~~~~~~~~~~~~~~~~~~~~~~~~~~~~~~~~~~~~~[m[K
[4.540s] In file included from [01m[K/home/alex/thesis_ws/src/pointcloud_to_laserscan/src/pointcloud_to_laserscan_node.cpp:57[m[K:
[4.540s] [01m[K/home/alex/thesis_ws/install/pcl_ros/include/pcl_ros/pcl_ros/transforms.hpp:160:1:[m[K [01;36m[Knote: [m[Kcandidate: â€˜[01m[Ktemplate<class PointT> bool pcl_ros::transformPointCloud(const string&, const rclcpp::Time&, const pcl::PointCloud<PointT>&, const string&, pcl::PointCloud<PointT>&, const tf2_ros::Buffer&)[m[Kâ€™
[4.540s]   160 | [01;36m[KtransformPointCloud[m[K(
[4.540s]       | [01;36m[K^~~~~~~~~~~~~~~~~~~[m[K
[4.540s] [01m[K/home/alex/thesis_ws/install/pcl_ros/include/pcl_ros/pcl_ros/transforms.hpp:160:1:[m[K [01;36m[Knote: [m[K  template argument deduction/substitution failed:
[4.540s] [01m[K/home/alex/thesis_ws/src/pointcloud_to_laserscan/src/pointcloud_to_laserscan_node.cpp:203:33:[m[K [01;36m[Knote: [m[K  â€˜[01m[Kstd::__shared_ptr_access<sensor_msgs::msg::PointCloud2_<std::allocator<void> >, __gnu_cxx::_S_atomic, false, false>::element_type[m[Kâ€™ {aka â€˜[01m[Ksensor_msgs::msg::PointCloud2_<std::allocator<void> >[m[Kâ€™} is not derived from â€˜[01m[Kconst pcl::PointCloud<PointT>[m[Kâ€™
[4.540s]   203 |     [01;36m[Kpcl_ros::transformPointCloud(noattitude_transform, *cloud_msg, *cloud, *tf2_)[m[K;
[4.540s]       |     [01;36m[K~~~~~~~~~~~~~~~~~~~~~~~~~~~~^~~~~~~~~~~~~~~~~~~~~~~~~~~~~~~~~~~~~~~~~~~~~~~~~[m[K
[4.540s] In file included from [01m[K/home/alex/thesis_ws/src/pointcloud_to_laserscan/src/pointcloud_to_laserscan_node.cpp:57[m[K:
[4.541s] [01m[K/home/alex/thesis_ws/install/pcl_ros/include/pcl_ros/pcl_ros/transforms.hpp:175:1:[m[K [01;36m[Knote: [m[Kcandidate: â€˜[01m[Kbool pcl_ros::transformPointCloud(const string&, const PointCloud2&, sensor_msgs::msg::PointCloud2&, const tf2_ros::Buffer&)[m[Kâ€™
[4.541s]   175 | [01;36m[KtransformPointCloud[m[K(
[4.541s]       | [01;36m[K^~~~~~~~~~~~~~~~~~~[m[K
[4.541s] [01m[K/home/alex/thesis_ws/install/pcl_ros/include/pcl_ros/pcl_ros/transforms.hpp:176:23:[m[K [01;36m[Knote: [m[K  no known conversion for argument 1 from â€˜[01m[Kgeometry_msgs::msg::TransformStamped[m[Kâ€™ {aka â€˜[01m[Kgeometry_msgs::msg::TransformStamped_<std::allocator<void> >[m[Kâ€™} to â€˜[01m[Kconst string&[m[Kâ€™ {aka â€˜[01m[Kconst std::__cxx11::basic_string<char>&[m[Kâ€™}
[4.541s]   176 |   [01;36m[Kconst std::string & target_frame[m[K,
[4.541s]       |   [01;36m[K~~~~~~~~~~~~~~~~~~~~^~~~~~~~~~~~[m[K
[4.541s] [01m[K/home/alex/thesis_ws/install/pcl_ros/include/pcl_ros/pcl_ros/transforms.hpp:188:1:[m[K [01;36m[Knote: [m[Kcandidate: â€˜[01m[Kvoid pcl_ros::transformPointCloud(const string&, const tf2::Transform&, const PointCloud2&, sensor_msgs::msg::PointCloud2&)[m[Kâ€™
[4.541s]   188 | [01;36m[KtransformPointCloud[m[K(
[4.541s]       | [01;36m[K^~~~~~~~~~~~~~~~~~~[m[K
[4.541s] [01m[K/home/alex/thesis_ws/install/pcl_ros/include/pcl_ros/pcl_ros/transforms.hpp:189:23:[m[K [01;36m[Knote: [m[K  no known conversion for argument 1 from â€˜[01m[Kgeometry_msgs::msg::TransformStamped[m[Kâ€™ {aka â€˜[01m[Kgeometry_msgs::msg::TransformStamped_<std::allocator<void> >[m[Kâ€™} to â€˜[01m[Kconst string&[m[Kâ€™ {aka â€˜[01m[Kconst std::__cxx11::basic_string<char>&[m[Kâ€™}
[4.541s]   189 |   [01;36m[Kconst std::string & target_frame[m[K,
[4.541s]       |   [01;36m[K~~~~~~~~~~~~~~~~~~~~^~~~~~~~~~~~[m[K
[4.541s] [01m[K/home/alex/thesis_ws/install/pcl_ros/include/pcl_ros/pcl_ros/transforms.hpp:201:1:[m[K [01;36m[Knote: [m[Kcandidate: â€˜[01m[Kvoid pcl_ros::transformPointCloud(const string&, const TransformStamped&, const PointCloud2&, sensor_msgs::msg::PointCloud2&)[m[Kâ€™
[4.541s]   201 | [01;36m[KtransformPointCloud[m[K(
[4.541s]       | [01;36m[K^~~~~~~~~~~~~~~~~~~[m[K
[4.541s] [01m[K/home/alex/thesis_ws/install/pcl_ros/include/pcl_ros/pcl_ros/transforms.hpp:202:23:[m[K [01;36m[Knote: [m[K  no known conversion for argument 1 from â€˜[01m[Kgeometry_msgs::msg::TransformStamped[m[Kâ€™ {aka â€˜[01m[Kgeometry_msgs::msg::TransformStamped_<std::allocator<void> >[m[Kâ€™} to â€˜[01m[Kconst string&[m[Kâ€™ {aka â€˜[01m[Kconst std::__cxx11::basic_string<char>&[m[Kâ€™}
[4.541s]   202 |   [01;36m[Kconst std::string & target_frame[m[K,
[4.542s]       |   [01;36m[K~~~~~~~~~~~~~~~~~~~~^~~~~~~~~~~~[m[K
[4.542s] [01m[K/home/alex/thesis_ws/install/pcl_ros/include/pcl_ros/pcl_ros/transforms.hpp:213:1:[m[K [01;36m[Knote: [m[Kcandidate: â€˜[01m[Kvoid pcl_ros::transformPointCloud(const Matrix4f&, const PointCloud2&, sensor_msgs::msg::PointCloud2&)[m[Kâ€™
[4.542s]   213 | [01;36m[KtransformPointCloud[m[K(
[4.542s]       | [01;36m[K^~~~~~~~~~~~~~~~~~~[m[K
[4.542s] [01m[K/home/alex/thesis_ws/install/pcl_ros/include/pcl_ros/pcl_ros/transforms.hpp:213:1:[m[K [01;36m[Knote: [m[K  candidate expects 3 arguments, 4 provided
[7.069s] gmake[2]: *** [CMakeFiles/pointcloud_to_laserscan.dir/build.make:76: CMakeFiles/pointcloud_to_laserscan.dir/src/pointcloud_to_laserscan_node.cpp.o] Error 1
[7.069s] gmake[1]: *** [CMakeFiles/Makefile2:197: CMakeFiles/pointcloud_to_laserscan.dir/all] Error 2
[7.069s] gmake: *** [Makefile:146: all] Error 2
[7.071s] Invoked command in '/home/alex/thesis_ws/build/pointcloud_to_laserscan' returned '2': AMENT_PREFIX_PATH=/home/alex/thesis_ws/install/pcl_ros:/home/alex/thesis_ws/install/pcl_conversions:${AMENT_PREFIX_PATH} CMAKE_PREFIX_PATH=/home/alex/thesis_ws/install/pcl_ros:/home/alex/thesis_ws/install/pcl_conversions:/home/alex/thesis_ws/install/pointcloud_to_laserscan:/opt/ros/humble LD_LIBRARY_PATH=/home/alex/thesis_ws/install/pcl_ros/lib:${LD_LIBRARY_PATH} /usr/bin/cmake --build /home/alex/thesis_ws/build/pointcloud_to_laserscan -- -j8 -l8
