[ 40%] Built target pointcloud_to_laserscan_node
[ 40%] Built target laserscan_to_pointcloud_node
[ 60%] Built target laserscan_to_pointcloud
[35m[1mConsolidate compiler generated dependencies of target pointcloud_to_laserscan[0m
[ 70%] [32mBuilding CXX object CMakeFiles/pointcloud_to_laserscan.dir/src/pointcloud_to_laserscan_node.cpp.o[0m
In file included from [01m[K/home/alex/thesis_ws/src/pointcloud_to_laserscan/src/pointcloud_to_laserscan_node.cpp:41[m[K:
[01m[K/home/alex/thesis_ws/src/pointcloud_to_laserscan/include/pointcloud_to_laserscan/pointcloud_to_laserscan_node.hpp:112:102:[m[K [01;31m[Kerror: [m[Kredeclaration of â€˜[01m[Kdouble pointcloud_to_laserscan::PointCloudToLaserScanNode::min_height_longrange_[m[Kâ€™
  112 | e min_height_shortrange_, max_height_shortrange_, min_height_longrange_, min_height_longrange_[01;31m[K,[m[K angle_min_, angle_max_, angle_increment_, scan_time_, range_min_,
      |                                                                                               [01;31m[K^[m[K

[01m[K/home/alex/thesis_ws/src/pointcloud_to_laserscan/include/pointcloud_to_laserscan/pointcloud_to_laserscan_node.hpp:112:58:[m[K [01;36m[Knote: [m[Kprevious declaration â€˜[01m[Kdouble pointcloud_to_laserscan::PointCloudToLaserScanNode::min_height_longrange_[m[Kâ€™
  112 |   double min_height_shortrange_, max_height_shortrange_, [01;36m[Kmin_height_longrange_[m[K, min_height_longrange_, angle_min_, angle_max_, angle_increment_, scan_time_, range_min_,
      |                                                          [01;36m[K^~~~~~~~~~~~~~~~~~~~~[m[K
[01m[K/home/alex/thesis_ws/src/pointcloud_to_laserscan/src/pointcloud_to_laserscan_node.cpp:[m[K In member function â€˜[01m[Kvoid pointcloud_to_laserscan::PointCloudToLaserScanNode::cloudCallback(sensor_msgs::msg::PointCloud2_<std::allocator<void> >::ConstSharedPtr)[m[Kâ€™:
[01m[K/home/alex/thesis_ws/src/pointcloud_to_laserscan/src/pointcloud_to_laserscan_node.cpp:209:72:[m[K [01;31m[Kerror: [m[Kâ€˜[01m[Kmax_height_longrange_[m[Kâ€™ was not declared in this scope; did you mean â€˜[01m[Kmin_height_longrange_[m[Kâ€™?
  209 |       cloud_msg, range_transition_, range_max_, min_height_longrange_, [01;31m[Kmax_height_longrange_[m[K,
      |                                                                        [01;31m[K^~~~~~~~~~~~~~~~~~~~~[m[K
      |                                                                        [32m[Kmin_height_longrange_[m[K
[01m[K/home/alex/thesis_ws/src/pointcloud_to_laserscan/src/pointcloud_to_laserscan_node.cpp:[m[K In function â€˜[01m[Ksensor_msgs::msg::LaserScan_<std::allocator<void> >::UniquePtr pointcloud_to_laserscan::mergeLaserScans(const UniquePtr&, const UniquePtr&)[m[Kâ€™:
[01m[K/home/alex/thesis_ws/src/pointcloud_to_laserscan/src/pointcloud_to_laserscan_node.cpp:313:12:[m[K [01;31m[Kerror: [m[Kuse of deleted function â€˜[01m[Kstd::unique_ptr<_Tp, _Dp>::unique_ptr(const std::unique_ptr<_Tp, _Dp>&) [with _Tp = sensor_msgs::msg::LaserScan_<std::allocator<void> >; _Dp = std::default_delete<sensor_msgs::msg::LaserScan_<std::allocator<void> > >][m[Kâ€™
  313 |     return [01;31m[Klong_scan[m[K;
      |            [01;31m[K^~~~~~~~~[m[K
In file included from [01m[K/usr/include/c++/11/memory:76[m[K,
                 from [01m[K/home/alex/thesis_ws/src/pointcloud_to_laserscan/include/pointcloud_to_laserscan/pointcloud_to_laserscan_node.hpp:45[m[K,
                 from [01m[K/home/alex/thesis_ws/src/pointcloud_to_laserscan/src/pointcloud_to_laserscan_node.cpp:41[m[K:
[01m[K/usr/include/c++/11/bits/unique_ptr.h:468:7:[m[K [01;36m[Knote: [m[Kdeclared here
  468 |       [01;36m[Kunique_ptr[m[K(const unique_ptr&) = delete;
      |       [01;36m[K^~~~~~~~~~[m[K
gmake[2]: *** [CMakeFiles/pointcloud_to_laserscan.dir/build.make:76: CMakeFiles/pointcloud_to_laserscan.dir/src/pointcloud_to_laserscan_node.cpp.o] Error 1
gmake[1]: *** [CMakeFiles/Makefile2:197: CMakeFiles/pointcloud_to_laserscan.dir/all] Error 2
gmake: *** [Makefile:146: all] Error 2
