[01m[K/home/alex/thesis_ws/src/pointcloud_to_laserscan/src/pointcloud_to_laserscan_node.cpp:[m[K In constructor â€˜[01m[Kpointcloud_to_laserscan::PointCloudToLaserScanNode::PointCloudToLaserScanNode(const rclcpp::NodeOptions&)[m[Kâ€™:
[01m[K/home/alex/thesis_ws/src/pointcloud_to_laserscan/src/pointcloud_to_laserscan_node.cpp:82:3:[m[K [01;31m[Kerror: [m[Kâ€˜[01m[Kmin_height_longrange_[m[Kâ€™ was not declared in this scope; did you mean â€˜[01m[Kmin_height_shortrange_[m[Kâ€™?
   82 |   [01;31m[Kmin_height_longrange_[m[K = this->declare_parameter("min_height_longrange", std::numeric_limits<double>::min());
      |   [01;31m[K^~~~~~~~~~~~~~~~~~~~~[m[K
      |   [32m[Kmin_height_shortrange_[m[K
[01m[K/home/alex/thesis_ws/src/pointcloud_to_laserscan/src/pointcloud_to_laserscan_node.cpp:83:3:[m[K [01;31m[Kerror: [m[Kâ€˜[01m[Kmax_height_longrange_[m[Kâ€™ was not declared in this scope; did you mean â€˜[01m[Kmax_height_shortrange_[m[Kâ€™?
   83 |   [01;31m[Kmax_height_longrange_[m[K = this->declare_parameter("max_height_longrange", std::numeric_limits<double>::max());
      |   [01;31m[K^~~~~~~~~~~~~~~~~~~~~[m[K
      |   [32m[Kmax_height_shortrange_[m[K
gmake[2]: *** [CMakeFiles/pointcloud_to_laserscan.dir/build.make:76: CMakeFiles/pointcloud_to_laserscan.dir/src/pointcloud_to_laserscan_node.cpp.o] Error 1
gmake[1]: *** [CMakeFiles/Makefile2:197: CMakeFiles/pointcloud_to_laserscan.dir/all] Error 2
gmake: *** [Makefile:146: all] Error 2
