[01m[K/home/alex/thesis_ws/src/pointcloud_to_laserscan/src/pointcloud_to_laserscan_node.cpp:[m[K In member function â€˜[01m[Kvoid pointcloud_to_laserscan::PointCloudToLaserScanNode::cloudCallback(sensor_msgs::msg::PointCloud2_<std::allocator<void> >::ConstSharedPtr)[m[Kâ€™:
[01m[K/home/alex/thesis_ws/src/pointcloud_to_laserscan/src/pointcloud_to_laserscan_node.cpp:199:19:[m[K [01;31m[Kerror: [m[Kâ€˜[01m[Kmax_height_[m[Kâ€™ was not declared in this scope
  199 |     if (*iter_z > [01;31m[Kmax_height_[m[K || *iter_z < min_height_) {
      |                   [01;31m[K^~~~~~~~~~~[m[K
[01m[K/home/alex/thesis_ws/src/pointcloud_to_laserscan/src/pointcloud_to_laserscan_node.cpp:199:44:[m[K [01;31m[Kerror: [m[Kâ€˜[01m[Kmin_height_[m[Kâ€™ was not declared in this scope
  199 |    if (*iter_z > max_height_ || *iter_z < [01;31m[Kmin_height_[m[K) {
      |                                           [01;31m[K^~~~~~~~~~~[m[K

gmake[2]: *** [CMakeFiles/pointcloud_to_laserscan.dir/build.make:76: CMakeFiles/pointcloud_to_laserscan.dir/src/pointcloud_to_laserscan_node.cpp.o] Error 1
gmake[1]: *** [CMakeFiles/Makefile2:197: CMakeFiles/pointcloud_to_laserscan.dir/all] Error 2
gmake: *** [Makefile:146: all] Error 2
