[01m[K/home/alex/thesis_ws/src/pointcloud_to_laserscan/src/pointcloud_to_laserscan_node.cpp:[m[K In constructor â€˜[01m[Kpointcloud_to_laserscan::PointCloudToLaserScanNode::PointCloudToLaserScanNode(const rclcpp::NodeOptions&)[m[Kâ€™:
[01m[K/home/alex/thesis_ws/src/pointcloud_to_laserscan/src/pointcloud_to_laserscan_node.cpp:88:3:[m[K [01;31m[Kerror: [m[Kâ€˜[01m[Kpub_long_[m[Kâ€™ was not declared in this scope; did you mean â€˜[01m[Ku_long[m[Kâ€™?
   88 |   [01;31m[Kpub_long_[m[K = this->create_publisher<sensor_msgs::msg::LaserScan>("scan", rclcpp::SensorDataQoS());
      |   [01;31m[K^~~~~~~~~[m[K
      |   [32m[Ku_long[m[K
[01m[K/home/alex/thesis_ws/src/pointcloud_to_laserscan/src/pointcloud_to_laserscan_node.cpp:89:3:[m[K [01;31m[Kerror: [m[Kâ€˜[01m[Kpub_short_[m[Kâ€™ was not declared in this scope; did you mean â€˜[01m[Ku_short[m[Kâ€™?
   89 |   [01;31m[Kpub_short_[m[K = this->create_publisher<sensor_msgs::msg::LaserScan>("scan", rclcpp::SensorDataQoS());
      |   [01;31m[K^~~~~~~~~~[m[K
      |   [32m[Ku_short[m[K
[01m[K/home/alex/thesis_ws/src/pointcloud_to_laserscan/src/pointcloud_to_laserscan_node.cpp:[m[K In member function â€˜[01m[Kvoid pointcloud_to_laserscan::PointCloudToLaserScanNode::subscriptionListenerThreadLoop()[m[Kâ€™:
[01m[K/home/alex/thesis_ws/src/pointcloud_to_laserscan/src/pointcloud_to_laserscan_node.cpp:128:52:[m[K [01;31m[Kerror: [m[Kâ€˜[01m[Kpub_short_[m[Kâ€™ was not declared in this scope; did you mean â€˜[01m[Ku_short[m[Kâ€™?
  128 |      pub_->get_intra_process_subscription_count()+[01;31m[Kpub_short_[m[K->get_subscription_count() +
      |                                                   [01;31m[K^~~~~~~~~~[m[K
      |                                                   [32m[Ku_short[m[K
[01m[K/home/alex/thesis_ws/src/pointcloud_to_laserscan/src/pointcloud_to_laserscan_node.cpp:129:58:[m[K [01;31m[Kerror: [m[Kâ€˜[01m[Kpub_long_[m[Kâ€™ was not declared in this scope; did you mean â€˜[01m[Ku_long[m[Kâ€™?
  129 | ub_short_->get_intra_process_subscription_count()+[01;31m[Kpub_long_[m[K->get_subscription_count() +
      |                                                   [01;31m[K^~~~~~~~~[m[K
      |                                                   [32m[Ku_long[m[K
[01m[K/home/alex/thesis_ws/src/pointcloud_to_laserscan/src/pointcloud_to_laserscan_node.cpp:[m[K In member function â€˜[01m[Kvoid pointcloud_to_laserscan::PointCloudToLaserScanNode::cloudCallback(sensor_msgs::msg::PointCloud2_<std::allocator<void> >::ConstSharedPtr)[m[Kâ€™:
[01m[K/home/alex/thesis_ws/src/pointcloud_to_laserscan/src/pointcloud_to_laserscan_node.cpp:236:3:[m[K [01;31m[Kerror: [m[Kâ€˜[01m[Kpub_short_[m[Kâ€™ was not declared in this scope; did you mean â€˜[01m[Ku_short[m[Kâ€™?
  236 |   [01;31m[Kpub_short_[m[K->publish(std::move(short_scan_msg));
      |   [01;31m[K^~~~~~~~~~[m[K
      |   [32m[Ku_short[m[K
[01m[K/home/alex/thesis_ws/src/pointcloud_to_laserscan/src/pointcloud_to_laserscan_node.cpp:237:3:[m[K [01;31m[Kerror: [m[Kâ€˜[01m[Kpub_long_[m[Kâ€™ was not declared in this scope; did you mean â€˜[01m[Ku_long[m[Kâ€™?
  237 |   [01;31m[Kpub_long_[m[K->publish(std::move(long_scan_msg));
      |   [01;31m[K^~~~~~~~~[m[K
      |   [32m[Ku_long[m[K
gmake[2]: *** [CMakeFiles/pointcloud_to_laserscan.dir/build.make:76: CMakeFiles/pointcloud_to_laserscan.dir/src/pointcloud_to_laserscan_node.cpp.o] Error 1
gmake[1]: *** [CMakeFiles/Makefile2:197: CMakeFiles/pointcloud_to_laserscan.dir/all] Error 2
gmake: *** [Makefile:146: all] Error 2
