[0.010s] Invoking command in '/home/alex/thesis_ws/build/pointcloud_to_laserscan': AMENT_PREFIX_PATH=/home/alex/thesis_ws/install/pcl_ros:/home/alex/thesis_ws/install/pcl_conversions:${AMENT_PREFIX_PATH} CMAKE_PREFIX_PATH=/home/alex/thesis_ws/install/pcl_ros:/home/alex/thesis_ws/install/pcl_conversions:/home/alex/thesis_ws/install/pointcloud_to_laserscan:/opt/ros/humble LD_LIBRARY_PATH=/home/alex/thesis_ws/install/pcl_ros/lib:${LD_LIBRARY_PATH} /usr/bin/cmake --build /home/alex/thesis_ws/build/pointcloud_to_laserscan -- -j8 -l8
[0.052s] [ 20%] Built target laserscan_to_pointcloud_node
[0.054s] [ 40%] Built target pointcloud_to_laserscan_node
[0.055s] [ 60%] Built target laserscan_to_pointcloud
[0.067s] [35m[1mConsolidate compiler generated dependencies of target pointcloud_to_laserscan[0m
[0.093s] [ 70%] [32mBuilding CXX object CMakeFiles/pointcloud_to_laserscan.dir/src/pointcloud_to_laserscan_node.cpp.o[0m
[4.074s] [01m[K/home/alex/thesis_ws/src/pointcloud_to_laserscan/src/pointcloud_to_laserscan_node.cpp:[m[K In constructor â€˜[01m[Kpointcloud_to_laserscan::PointCloudToLaserScanNode::PointCloudToLaserScanNode(const rclcpp::NodeOptions&)[m[Kâ€™:
[4.074s] [01m[K/home/alex/thesis_ws/src/pointcloud_to_laserscan/src/pointcloud_to_laserscan_node.cpp:88:3:[m[K [01;31m[Kerror: [m[Kâ€˜[01m[Kpub_long_[m[Kâ€™ was not declared in this scope; did you mean â€˜[01m[Ku_long[m[Kâ€™?
[4.074s]    88 |   [01;31m[Kpub_long_[m[K = this->create_publisher<sensor_msgs::msg::LaserScan>("scan", rclcpp::SensorDataQoS());
[4.074s]       |   [01;31m[K^~~~~~~~~[m[K
[4.074s]       |   [32m[Ku_long[m[K
[4.081s] [01m[K/home/alex/thesis_ws/src/pointcloud_to_laserscan/src/pointcloud_to_laserscan_node.cpp:89:3:[m[K [01;31m[Kerror: [m[Kâ€˜[01m[Kpub_short_[m[Kâ€™ was not declared in this scope; did you mean â€˜[01m[Ku_short[m[Kâ€™?
[4.081s]    89 |   [01;31m[Kpub_short_[m[K = this->create_publisher<sensor_msgs::msg::LaserScan>("scan", rclcpp::SensorDataQoS());
[4.082s]       |   [01;31m[K^~~~~~~~~~[m[K
[4.082s]       |   [32m[Ku_short[m[K
[4.103s] [01m[K/home/alex/thesis_ws/src/pointcloud_to_laserscan/src/pointcloud_to_laserscan_node.cpp:[m[K In member function â€˜[01m[Kvoid pointcloud_to_laserscan::PointCloudToLaserScanNode::subscriptionListenerThreadLoop()[m[Kâ€™:
[4.103s] [01m[K/home/alex/thesis_ws/src/pointcloud_to_laserscan/src/pointcloud_to_laserscan_node.cpp:128:52:[m[K [01;31m[Kerror: [m[Kâ€˜[01m[Kpub_short_[m[Kâ€™ was not declared in this scope; did you mean â€˜[01m[Ku_short[m[Kâ€™?
[4.103s]   128 |      pub_->get_intra_process_subscription_count()+[01;31m[Kpub_short_[m[K->get_subscription_count() +
[4.103s]       |                                                   [01;31m[K^~~~~~~~~~[m[K
[4.103s]       |                                                   [32m[Ku_short[m[K
[4.109s] [01m[K/home/alex/thesis_ws/src/pointcloud_to_laserscan/src/pointcloud_to_laserscan_node.cpp:129:58:[m[K [01;31m[Kerror: [m[Kâ€˜[01m[Kpub_long_[m[Kâ€™ was not declared in this scope; did you mean â€˜[01m[Ku_long[m[Kâ€™?
[4.109s]   129 | ub_short_->get_intra_process_subscription_count()+[01;31m[Kpub_long_[m[K->get_subscription_count() +
[4.109s]       |                                                   [01;31m[K^~~~~~~~~[m[K
[4.109s]       |                                                   [32m[Ku_long[m[K
[4.132s] [01m[K/home/alex/thesis_ws/src/pointcloud_to_laserscan/src/pointcloud_to_laserscan_node.cpp:[m[K In member function â€˜[01m[Kvoid pointcloud_to_laserscan::PointCloudToLaserScanNode::cloudCallback(sensor_msgs::msg::PointCloud2_<std::allocator<void> >::ConstSharedPtr)[m[Kâ€™:
[4.132s] [01m[K/home/alex/thesis_ws/src/pointcloud_to_laserscan/src/pointcloud_to_laserscan_node.cpp:236:3:[m[K [01;31m[Kerror: [m[Kâ€˜[01m[Kpub_short_[m[Kâ€™ was not declared in this scope; did you mean â€˜[01m[Ku_short[m[Kâ€™?
[4.132s]   236 |   [01;31m[Kpub_short_[m[K->publish(std::move(short_scan_msg));
[4.132s]       |   [01;31m[K^~~~~~~~~~[m[K
[4.132s]       |   [32m[Ku_short[m[K
[4.138s] [01m[K/home/alex/thesis_ws/src/pointcloud_to_laserscan/src/pointcloud_to_laserscan_node.cpp:237:3:[m[K [01;31m[Kerror: [m[Kâ€˜[01m[Kpub_long_[m[Kâ€™ was not declared in this scope; did you mean â€˜[01m[Ku_long[m[Kâ€™?
[4.139s]   237 |   [01;31m[Kpub_long_[m[K->publish(std::move(long_scan_msg));
[4.139s]       |   [01;31m[K^~~~~~~~~[m[K
[4.139s]       |   [32m[Ku_long[m[K
[6.957s] gmake[2]: *** [CMakeFiles/pointcloud_to_laserscan.dir/build.make:76: CMakeFiles/pointcloud_to_laserscan.dir/src/pointcloud_to_laserscan_node.cpp.o] Error 1
[6.957s] gmake[1]: *** [CMakeFiles/Makefile2:197: CMakeFiles/pointcloud_to_laserscan.dir/all] Error 2
[6.957s] gmake: *** [Makefile:146: all] Error 2
[6.959s] Invoked command in '/home/alex/thesis_ws/build/pointcloud_to_laserscan' returned '2': AMENT_PREFIX_PATH=/home/alex/thesis_ws/install/pcl_ros:/home/alex/thesis_ws/install/pcl_conversions:${AMENT_PREFIX_PATH} CMAKE_PREFIX_PATH=/home/alex/thesis_ws/install/pcl_ros:/home/alex/thesis_ws/install/pcl_conversions:/home/alex/thesis_ws/install/pointcloud_to_laserscan:/opt/ros/humble LD_LIBRARY_PATH=/home/alex/thesis_ws/install/pcl_ros/lib:${LD_LIBRARY_PATH} /usr/bin/cmake --build /home/alex/thesis_ws/build/pointcloud_to_laserscan -- -j8 -l8
