[0.006s] Invoking command in '/home/alex/thesis_ws/new_clone/build/pointcloud_to_laserscan': CMAKE_PREFIX_PATH=${CMAKE_PREFIX_PATH}:/opt/ros/humble /usr/bin/cmake /home/alex/thesis_ws/new_clone/src/pointcloud_to_laserscan -DCMAKE_INSTALL_PREFIX=/home/alex/thesis_ws/new_clone/install/pointcloud_to_laserscan
[0.039s] -- The C compiler identification is GNU 11.4.0
[0.091s] -- The CXX compiler identification is GNU 11.4.0
[0.098s] -- Detecting C compiler ABI info
[0.154s] -- Detecting C compiler ABI info - done
[0.162s] -- Check for working C compiler: /usr/bin/cc - skipped
[0.162s] -- Detecting C compile features
[0.163s] -- Detecting C compile features - done
[0.166s] -- Detecting CXX compiler ABI info
[0.222s] -- Detecting CXX compiler ABI info - done
[0.229s] -- Check for working CXX compiler: /usr/bin/c++ - skipped
[0.229s] -- Detecting CXX compile features
[0.230s] -- Detecting CXX compile features - done
[0.231s] -- Found ament_cmake_auto: 1.3.11 (/opt/ros/humble/share/ament_cmake_auto/cmake)
[0.336s] -- Found Python3: /usr/bin/python3 (found version "3.10.12") found components: Interpreter 
[0.491s] -- Found rosidl_generator_c: 3.1.6 (/opt/ros/humble/share/rosidl_generator_c/cmake)
[0.494s] -- Found rosidl_adapter: 3.1.6 (/opt/ros/humble/share/rosidl_adapter/cmake)
[0.499s] -- Found rosidl_generator_cpp: 3.1.6 (/opt/ros/humble/share/rosidl_generator_cpp/cmake)
[0.507s] -- Using all available rosidl_typesupport_c: rosidl_typesupport_fastrtps_c;rosidl_typesupport_introspection_c
[0.517s] -- Using all available rosidl_typesupport_cpp: rosidl_typesupport_fastrtps_cpp;rosidl_typesupport_introspection_cpp
[0.547s] -- Found rmw_implementation_cmake: 6.1.2 (/opt/ros/humble/share/rmw_implementation_cmake/cmake)
[0.549s] -- Found rmw_fastrtps_cpp: 6.2.7 (/opt/ros/humble/share/rmw_fastrtps_cpp/cmake)
[0.600s] -- Found OpenSSL: /usr/lib/x86_64-linux-gnu/libcrypto.so (found version "3.0.2")  
[0.617s] -- Found FastRTPS: /opt/ros/humble/include  
[0.651s] -- Using RMW implementation 'rmw_fastrtps_cpp' as default
[0.659s] -- Looking for pthread.h
[0.712s] -- Looking for pthread.h - found
[0.712s] -- Performing Test CMAKE_HAVE_LIBC_PTHREAD
[0.766s] -- Performing Test CMAKE_HAVE_LIBC_PTHREAD - Success
[0.767s] -- Found Threads: TRUE  
[0.913s] -- Found ament_lint_auto: 0.12.11 (/opt/ros/humble/share/ament_lint_auto/cmake)
[0.940s] -- Added test 'cppcheck' to perform static code analysis on C / C++ code
[0.944s] -- Configured cppcheck include dirs: /home/alex/thesis_ws/new_clone/src/pointcloud_to_laserscan/include
[0.944s] -- Configured cppcheck exclude dirs and/or files: 
[0.960s] -- Added test 'cpplint' to check C / C++ code against the Google style
[0.960s] -- Configured cpplint exclude dirs and/or files: 
[0.963s] -- Added test 'flake8' to check Python code syntax and style conventions
[0.972s] -- Added test 'lint_cmake' to check CMake code style
[0.973s] -- Added test 'pep257' to check Python code against some of the docstring style conventions in PEP 257
[0.989s] -- Added test 'uncrustify' to check C / C++ code style
[0.989s] -- Configured uncrustify additional arguments: 
[0.991s] -- Added test 'xmllint' to check XML markup files
[0.992s] -- Configuring done
[1.015s] -- Generating done
[1.023s] -- Build files have been written to: /home/alex/thesis_ws/new_clone/build/pointcloud_to_laserscan
[1.031s] Invoked command in '/home/alex/thesis_ws/new_clone/build/pointcloud_to_laserscan' returned '0': CMAKE_PREFIX_PATH=${CMAKE_PREFIX_PATH}:/opt/ros/humble /usr/bin/cmake /home/alex/thesis_ws/new_clone/src/pointcloud_to_laserscan -DCMAKE_INSTALL_PREFIX=/home/alex/thesis_ws/new_clone/install/pointcloud_to_laserscan
[1.032s] Invoking command in '/home/alex/thesis_ws/new_clone/build/pointcloud_to_laserscan': CMAKE_PREFIX_PATH=${CMAKE_PREFIX_PATH}:/opt/ros/humble /usr/bin/cmake --build /home/alex/thesis_ws/new_clone/build/pointcloud_to_laserscan -- -j8 -l8
[1.077s] [ 10%] [32mBuilding CXX object CMakeFiles/laserscan_to_pointcloud.dir/src/laserscan_to_pointcloud_node.cpp.o[0m
[1.077s] [ 20%] [32mBuilding CXX object CMakeFiles/laserscan_to_pointcloud_node.dir/rclcpp_components/node_main_laserscan_to_pointcloud_node.cpp.o[0m
[1.077s] [ 30%] [32mBuilding CXX object CMakeFiles/pointcloud_to_laserscan_node.dir/rclcpp_components/node_main_pointcloud_to_laserscan_node.cpp.o[0m
[4.376s] [ 40%] [32m[1mLinking CXX executable pointcloud_to_laserscan_node[0m
[4.464s] [ 50%] [32m[1mLinking CXX executable laserscan_to_pointcloud_node[0m
[4.515s] [ 50%] Built target pointcloud_to_laserscan_node
[4.586s] [ 50%] Built target laserscan_to_pointcloud_node
[10.707s] [ 60%] [32m[1mLinking CXX shared library liblaserscan_to_pointcloud.so[0m
[11.198s] [ 60%] Built target laserscan_to_pointcloud
[11.211s] [ 70%] [32mBuilding CXX object CMakeFiles/pointcloud_to_laserscan.dir/src/pointcloud_to_laserscan_node.cpp.o[0m
[11.511s] [01m[K/home/alex/thesis_ws/new_clone/src/pointcloud_to_laserscan/src/pointcloud_to_laserscan_node.cpp:54:10:[m[K [01;31m[Kfatal error: [m[Kpcl_ros/transforms.hpp: No such file or directory
[11.511s]    54 | #include [01;31m[K"pcl_ros/transforms.hpp"[m[K
[11.511s]       |          [01;31m[K^~~~~~~~~~~~~~~~~~~~~~~~[m[K
[11.511s] compilation terminated.
[11.518s] gmake[2]: *** [CMakeFiles/pointcloud_to_laserscan.dir/build.make:76: CMakeFiles/pointcloud_to_laserscan.dir/src/pointcloud_to_laserscan_node.cpp.o] Error 1
[11.518s] gmake[1]: *** [CMakeFiles/Makefile2:197: CMakeFiles/pointcloud_to_laserscan.dir/all] Error 2
[11.518s] gmake: *** [Makefile:146: all] Error 2
[11.519s] Invoked command in '/home/alex/thesis_ws/new_clone/build/pointcloud_to_laserscan' returned '2': CMAKE_PREFIX_PATH=${CMAKE_PREFIX_PATH}:/opt/ros/humble /usr/bin/cmake --build /home/alex/thesis_ws/new_clone/build/pointcloud_to_laserscan -- -j8 -l8
