[0.011s] Invoking command in '/home/alex/thesis_ws/build/pointcloud_to_laserscan': AMENT_PREFIX_PATH=/home/alex/thesis_ws/install/pcl_ros:/home/alex/thesis_ws/install/pcl_conversions:${AMENT_PREFIX_PATH} CMAKE_PREFIX_PATH=/home/alex/thesis_ws/install/pcl_ros:/home/alex/thesis_ws/install/pcl_conversions:/home/alex/thesis_ws/install/pointcloud_to_laserscan:/opt/ros/humble LD_LIBRARY_PATH=/home/alex/thesis_ws/install/pcl_ros/lib:${LD_LIBRARY_PATH} /usr/bin/cmake --build /home/alex/thesis_ws/build/pointcloud_to_laserscan -- -j8 -l8
[0.061s] [ 20%] Built target laserscan_to_pointcloud_node
[0.061s] [ 40%] Built target pointcloud_to_laserscan_node
[0.063s] [ 60%] Built target laserscan_to_pointcloud
[0.091s] [ 70%] [32mBuilding CXX object CMakeFiles/pointcloud_to_laserscan.dir/src/pointcloud_to_laserscan_node.cpp.o[0m
[4.031s] [01m[K/home/alex/thesis_ws/src/pointcloud_to_laserscan/src/pointcloud_to_laserscan_node.cpp:[m[K In constructor â€˜[01m[Kpointcloud_to_laserscan::PointCloudToLaserScanNode::PointCloudToLaserScanNode(const rclcpp::NodeOptions&)[m[Kâ€™:
[4.031s] [01m[K/home/alex/thesis_ws/src/pointcloud_to_laserscan/src/pointcloud_to_laserscan_node.cpp:90:3:[m[K [01;31m[Kerror: [m[Kâ€˜[01m[Kpub_cloud_[m[Kâ€™ was not declared in this scope; did you mean â€˜[01m[Kpub_long_[m[Kâ€™?
[4.031s]    90 |   [01;31m[Kpub_cloud_[m[K = this->create_publisher<sensor_msgs::msg::PointCloud2>("scanner/pointcloud", rclcpp::SensorDataQoS());
[4.031s]       |   [01;31m[K^~~~~~~~~~[m[K
[4.031s]       |   [32m[Kpub_long_[m[K
[4.064s] [01m[K/home/alex/thesis_ws/src/pointcloud_to_laserscan/src/pointcloud_to_laserscan_node.cpp:[m[K In member function â€˜[01m[Kvoid pointcloud_to_laserscan::PointCloudToLaserScanNode::cloudCallback(sensor_msgs::msg::PointCloud2_<std::allocator<void> >::ConstSharedPtr)[m[Kâ€™:
[4.064s] [01m[K/home/alex/thesis_ws/src/pointcloud_to_laserscan/src/pointcloud_to_laserscan_node.cpp:224:5:[m[K [01;31m[Kerror: [m[Kâ€˜[01m[Kpub_cloud_[m[Kâ€™ was not declared in this scope; did you mean â€˜[01m[Kpub_long_[m[Kâ€™?
[4.064s]   224 |     [01;31m[Kpub_cloud_[m[K->publish(std::move(cloud_msg));
[4.064s]       |     [01;31m[K^~~~~~~~~~[m[K
[4.064s]       |     [32m[Kpub_long_[m[K
[6.766s] gmake[2]: *** [CMakeFiles/pointcloud_to_laserscan.dir/build.make:76: CMakeFiles/pointcloud_to_laserscan.dir/src/pointcloud_to_laserscan_node.cpp.o] Error 1
[6.766s] gmake[1]: *** [CMakeFiles/Makefile2:197: CMakeFiles/pointcloud_to_laserscan.dir/all] Error 2
[6.766s] gmake: *** [Makefile:146: all] Error 2
[6.768s] Invoked command in '/home/alex/thesis_ws/build/pointcloud_to_laserscan' returned '2': AMENT_PREFIX_PATH=/home/alex/thesis_ws/install/pcl_ros:/home/alex/thesis_ws/install/pcl_conversions:${AMENT_PREFIX_PATH} CMAKE_PREFIX_PATH=/home/alex/thesis_ws/install/pcl_ros:/home/alex/thesis_ws/install/pcl_conversions:/home/alex/thesis_ws/install/pointcloud_to_laserscan:/opt/ros/humble LD_LIBRARY_PATH=/home/alex/thesis_ws/install/pcl_ros/lib:${LD_LIBRARY_PATH} /usr/bin/cmake --build /home/alex/thesis_ws/build/pointcloud_to_laserscan -- -j8 -l8
