[0.007s] Invoking command in '/home/alex/thesis_ws/build/pointcloud_to_laserscan': CMAKE_PREFIX_PATH=/home/alex/thesis_ws/install/pcl_ros:/home/alex/thesis_ws/install/pcl_conversions:/home/alex/thesis_ws/install/perception_pcl:/home/alex/thesis_ws/install/pointcloud_to_laserscan:/opt/ros/humble /usr/bin/cmake --build /home/alex/thesis_ws/build/pointcloud_to_laserscan -- -j8 -l8
[0.051s] [ 20%] Built target pointcloud_to_laserscan_node
[0.053s] [ 40%] Built target laserscan_to_pointcloud_node
[0.058s] [ 60%] Built target laserscan_to_pointcloud
[0.071s] [35m[1mConsolidate compiler generated dependencies of target pointcloud_to_laserscan[0m
[0.089s] [ 70%] [32mBuilding CXX object CMakeFiles/pointcloud_to_laserscan.dir/src/pointcloud_to_laserscan_node.cpp.o[0m
[3.908s] [01m[K/home/alex/thesis_ws/src/pointcloud_to_laserscan/src/pointcloud_to_laserscan_node.cpp:[m[K In member function â€˜[01m[Ksensor_msgs::msg::LaserScan_<std::allocator<void> >::UniquePtr pointcloud_to_laserscan::PointCloudToLaserScanNode::computeLaserScan(const ConstSharedPtr&, double, double, double, double, double, double, double, double, double, bool, std::string)[m[Kâ€™:
[3.908s] [01m[K/home/alex/thesis_ws/src/pointcloud_to_laserscan/src/pointcloud_to_laserscan_node.cpp:234:13:[m[K [01;31m[Kerror: [m[Kâ€˜[01m[Krange_min[m[Kâ€™ was not declared in this scope; did you mean â€˜[01m[Krange_min_[m[Kâ€™?
[3.908s]   234 | if (range < [01;31m[Krange_min[m[K) {
[3.908s]       |             [01;31m[K^~~~~~~~~[m[K
[3.908s]       |             [32m[Krange_min_[m[K
[3.913s] [01m[K/home/alex/thesis_ws/src/pointcloud_to_laserscan/src/pointcloud_to_laserscan_node.cpp:241:13:[m[K [01;31m[Kerror: [m[Kâ€˜[01m[Krange_max[m[Kâ€™ was not declared in this scope; did you mean â€˜[01m[Krange_max_[m[Kâ€™?
[3.913s]   241 | if (range > [01;31m[Krange_max[m[K) {
[3.913s]       |             [01;31m[K^~~~~~~~~[m[K
[3.913s]       |             [32m[Krange_max_[m[K
[6.570s] gmake[2]: *** [CMakeFiles/pointcloud_to_laserscan.dir/build.make:76: CMakeFiles/pointcloud_to_laserscan.dir/src/pointcloud_to_laserscan_node.cpp.o] Error 1
[6.571s] gmake[1]: *** [CMakeFiles/Makefile2:197: CMakeFiles/pointcloud_to_laserscan.dir/all] Error 2
[6.571s] gmake: *** [Makefile:146: all] Error 2
[6.572s] Invoked command in '/home/alex/thesis_ws/build/pointcloud_to_laserscan' returned '2': CMAKE_PREFIX_PATH=/home/alex/thesis_ws/install/pcl_ros:/home/alex/thesis_ws/install/pcl_conversions:/home/alex/thesis_ws/install/perception_pcl:/home/alex/thesis_ws/install/pointcloud_to_laserscan:/opt/ros/humble /usr/bin/cmake --build /home/alex/thesis_ws/build/pointcloud_to_laserscan -- -j8 -l8
