[0.008s] Invoking command in '/home/alex/thesis_ws/build/pointcloud_to_laserscan': CMAKE_PREFIX_PATH=/home/alex/thesis_ws/install/pcl_ros:/home/alex/thesis_ws/install/pcl_conversions:/home/alex/thesis_ws/install/perception_pcl:/home/alex/thesis_ws/install/pointcloud_to_laserscan:/opt/ros/humble /usr/bin/cmake --build /home/alex/thesis_ws/build/pointcloud_to_laserscan -- -j8 -l8
[0.052s] [ 30%] Built target laserscan_to_pointcloud_node
[0.052s] [ 40%] Built target pointcloud_to_laserscan_node
[0.057s] [ 60%] Built target laserscan_to_pointcloud
[0.070s] [35m[1mConsolidate compiler generated dependencies of target pointcloud_to_laserscan[0m
[0.087s] [ 70%] [32mBuilding CXX object CMakeFiles/pointcloud_to_laserscan.dir/src/pointcloud_to_laserscan_node.cpp.o[0m
[4.981s] [01m[K/home/alex/thesis_ws/src/pointcloud_to_laserscan/src/pointcloud_to_laserscan_node.cpp:184:3:[m[K [01;31m[Kerror: [m[Kexpected â€˜[01m[K,[m[Kâ€™ or â€˜[01m[K...[m[Kâ€™ before â€˜[01m[Kstd[m[Kâ€™
[4.981s]   184 |   [01;31m[Kstd[m[K::string target_frame )
[4.981s]       |   [01;31m[K^~~[m[K
[4.981s] [01m[K/home/alex/thesis_ws/src/pointcloud_to_laserscan/src/pointcloud_to_laserscan_node.cpp:172:40:[m[K [01;31m[Kerror: [m[Kno declaration matches â€˜[01m[Ksensor_msgs::msg::LaserScan_<std::allocator<void> >::UniquePtr pointcloud_to_laserscan::PointCloudToLaserScanNode::computeLaserScan(const ConstSharedPtr&, double, double, double, double, double, double, double, double, double, bool)[m[Kâ€™
[4.981s]   172 | sensor_msgs::msg::LaserScan::UniquePtr [01;31m[KPointCloudToLaserScanNode[m[K::computeLaserScan(
[4.981s]       |                                        [01;31m[K^~~~~~~~~~~~~~~~~~~~~~~~~[m[K
[4.981s] In file included from [01m[K/home/alex/thesis_ws/src/pointcloud_to_laserscan/src/pointcloud_to_laserscan_node.cpp:41[m[K:
[4.981s] [01m[K/home/alex/thesis_ws/src/pointcloud_to_laserscan/include/pointcloud_to_laserscan/pointcloud_to_laserscan_node.hpp:85:43:[m[K [01;36m[Knote: [m[Kcandidate is: â€˜[01m[Ksensor_msgs::msg::LaserScan_<std::allocator<void> >::UniquePtr pointcloud_to_laserscan::PointCloudToLaserScanNode::computeLaserScan(const ConstSharedPtr&, double, double, double, double, double, double, double, double, double, bool, std::string)[m[Kâ€™
[4.981s]    85 |    sensor_msgs::msg::LaserScan::UniquePtr [01;36m[KcomputeLaserScan[m[K(const sensor_msgs::msg::PointCloud2::ConstSharedPtr & cloud_msg,
[4.981s]       |                                           [01;36m[K^~~~~~~~~~~~~~~~[m[K
[4.981s] [01m[K/home/alex/thesis_ws/src/pointcloud_to_laserscan/include/pointcloud_to_laserscan/pointcloud_to_laserscan_node.hpp:71:8:[m[K [01;36m[Knote: [m[Kâ€˜[01m[Kclass pointcloud_to_laserscan::PointCloudToLaserScanNode[m[Kâ€™ defined here
[4.981s]    71 |  class [01;36m[KPointCloudToLaserScanNode[m[K : public rclcpp::Node
[4.981s]       |        [01;36m[K^~~~~~~~~~~~~~~~~~~~~~~~~[m[K
[7.586s] gmake[2]: *** [CMakeFiles/pointcloud_to_laserscan.dir/build.make:76: CMakeFiles/pointcloud_to_laserscan.dir/src/pointcloud_to_laserscan_node.cpp.o] Error 1
[7.586s] gmake[1]: *** [CMakeFiles/Makefile2:197: CMakeFiles/pointcloud_to_laserscan.dir/all] Error 2
[7.587s] gmake: *** [Makefile:146: all] Error 2
[7.588s] Invoked command in '/home/alex/thesis_ws/build/pointcloud_to_laserscan' returned '2': CMAKE_PREFIX_PATH=/home/alex/thesis_ws/install/pcl_ros:/home/alex/thesis_ws/install/pcl_conversions:/home/alex/thesis_ws/install/perception_pcl:/home/alex/thesis_ws/install/pointcloud_to_laserscan:/opt/ros/humble /usr/bin/cmake --build /home/alex/thesis_ws/build/pointcloud_to_laserscan -- -j8 -l8
