[01m[K/home/alex/thesis_ws/src/pointcloud_to_laserscan/src/pointcloud_to_laserscan_node.cpp:[m[K In member function â€˜[01m[Ksensor_msgs::msg::LaserScan_<std::allocator<void> >::UniquePtr pointcloud_to_laserscan::PointCloudToLaserScanNode::computeLaserScan(const ConstSharedPtr&, double, double, double, double, double, double, double, double, double, bool, std::string)[m[Kâ€™:
[01m[K/home/alex/thesis_ws/src/pointcloud_to_laserscan/src/pointcloud_to_laserscan_node.cpp:198:23:[m[K [01;31m[Kerror: [m[Kâ€˜[01m[Krange_transition[m[Kâ€™ was not declared in this scope; did you mean â€˜[01m[Krange_transition_[m[Kâ€™?
  198 | scan_msg->range_min = [01;31m[Krange_transition[m[K;
      |                       [01;31m[K^~~~~~~~~~~~~~~~[m[K
      |                       [32m[Krange_transition_[m[K
[01m[K/home/alex/thesis_ws/src/pointcloud_to_laserscan/src/pointcloud_to_laserscan_node.cpp:199:23:[m[K [01;31m[Kerror: [m[Kâ€˜[01m[Krange_max[m[Kâ€™ was not declared in this scope; did you mean â€˜[01m[Krange_max_[m[Kâ€™?
  199 | scan_msg->range_max = [01;31m[Krange_max[m[K;
      |                       [01;31m[K^~~~~~~~~[m[K
      |                       [32m[Krange_max_[m[K
[01m[K/home/alex/thesis_ws/src/pointcloud_to_laserscan/src/pointcloud_to_laserscan_node.cpp:234:13:[m[K [01;31m[Kerror: [m[Kâ€˜[01m[Krange_min[m[Kâ€™ was not declared in this scope; did you mean â€˜[01m[Krange_min_[m[Kâ€™?
  234 | if (range < [01;31m[Krange_min[m[K) {
      |             [01;31m[K^~~~~~~~~[m[K
      |             [32m[Krange_min_[m[K
gmake[2]: *** [CMakeFiles/pointcloud_to_laserscan.dir/build.make:76: CMakeFiles/pointcloud_to_laserscan.dir/src/pointcloud_to_laserscan_node.cpp.o] Error 1
gmake[1]: *** [CMakeFiles/Makefile2:197: CMakeFiles/pointcloud_to_laserscan.dir/all] Error 2
gmake: *** [Makefile:146: all] Error 2
