[0.008s] Invoking command in '/home/alex/thesis_ws/build/pointcloud_to_laserscan': CMAKE_PREFIX_PATH=/home/alex/thesis_ws/install/pcl_ros:/home/alex/thesis_ws/install/pcl_conversions:/home/alex/thesis_ws/install/perception_pcl:/home/alex/thesis_ws/install/pointcloud_to_laserscan:/opt/ros/humble /usr/bin/cmake --build /home/alex/thesis_ws/build/pointcloud_to_laserscan -- -j8 -l8
[0.058s] [ 20%] Built target pointcloud_to_laserscan_node
[0.060s] [ 40%] Built target laserscan_to_pointcloud_node
[0.061s] [ 60%] Built target laserscan_to_pointcloud
[0.073s] [35m[1mConsolidate compiler generated dependencies of target pointcloud_to_laserscan[0m
[0.092s] [ 70%] [32mBuilding CXX object CMakeFiles/pointcloud_to_laserscan.dir/src/pointcloud_to_laserscan_node.cpp.o[0m
[4.503s] [01m[K/home/alex/thesis_ws/src/pointcloud_to_laserscan/src/pointcloud_to_laserscan_node.cpp:[m[K In member function â€˜[01m[Ksensor_msgs::msg::LaserScan_<std::allocator<void> >::UniquePtr pointcloud_to_laserscan::PointCloudToLaserScanNode::computeLaserScan(const ConstSharedPtr&, double, double, double, double, double, double, double, double, double, bool, std::string)[m[Kâ€™:
[4.503s] [01m[K/home/alex/thesis_ws/src/pointcloud_to_laserscan/src/pointcloud_to_laserscan_node.cpp:198:23:[m[K [01;31m[Kerror: [m[Kâ€˜[01m[Krange_transition[m[Kâ€™ was not declared in this scope; did you mean â€˜[01m[Krange_transition_[m[Kâ€™?
[4.503s]   198 | scan_msg->range_min = [01;31m[Krange_transition[m[K;
[4.503s]       |                       [01;31m[K^~~~~~~~~~~~~~~~[m[K
[4.503s]       |                       [32m[Krange_transition_[m[K
[4.508s] [01m[K/home/alex/thesis_ws/src/pointcloud_to_laserscan/src/pointcloud_to_laserscan_node.cpp:199:23:[m[K [01;31m[Kerror: [m[Kâ€˜[01m[Krange_max[m[Kâ€™ was not declared in this scope; did you mean â€˜[01m[Krange_max_[m[Kâ€™?
[4.508s]   199 | scan_msg->range_max = [01;31m[Krange_max[m[K;
[4.508s]       |                       [01;31m[K^~~~~~~~~[m[K
[4.508s]       |                       [32m[Krange_max_[m[K
[4.515s] [01m[K/home/alex/thesis_ws/src/pointcloud_to_laserscan/src/pointcloud_to_laserscan_node.cpp:234:13:[m[K [01;31m[Kerror: [m[Kâ€˜[01m[Krange_min[m[Kâ€™ was not declared in this scope; did you mean â€˜[01m[Krange_min_[m[Kâ€™?
[4.515s]   234 | if (range < [01;31m[Krange_min[m[K) {
[4.515s]       |             [01;31m[K^~~~~~~~~[m[K
[4.515s]       |             [32m[Krange_min_[m[K
[7.274s] gmake[2]: *** [CMakeFiles/pointcloud_to_laserscan.dir/build.make:76: CMakeFiles/pointcloud_to_laserscan.dir/src/pointcloud_to_laserscan_node.cpp.o] Error 1
[7.274s] gmake[1]: *** [CMakeFiles/Makefile2:197: CMakeFiles/pointcloud_to_laserscan.dir/all] Error 2
[7.274s] gmake: *** [Makefile:146: all] Error 2
[7.276s] Invoked command in '/home/alex/thesis_ws/build/pointcloud_to_laserscan' returned '2': CMAKE_PREFIX_PATH=/home/alex/thesis_ws/install/pcl_ros:/home/alex/thesis_ws/install/pcl_conversions:/home/alex/thesis_ws/install/perception_pcl:/home/alex/thesis_ws/install/pointcloud_to_laserscan:/opt/ros/humble /usr/bin/cmake --build /home/alex/thesis_ws/build/pointcloud_to_laserscan -- -j8 -l8
