[0.007s] Invoking command in '/home/alex/thesis_ws/build/pointcloud_to_laserscan': CMAKE_PREFIX_PATH=/home/alex/thesis_ws/install/pcl_ros:/home/alex/thesis_ws/install/pcl_conversions:/home/alex/thesis_ws/install/pointcloud_to_laserscan:/home/alex/thesis_ws/install/perception_pcl:/home/alex/thesis_ws/new_clone/src/pointcloud_to_laserscan/install/pointcloud_to_laserscan:/opt/ros/humble LD_LIBRARY_PATH=/home/alex/thesis_ws/install/pcl_ros/lib:/home/alex/thesis_ws/install/pointcloud_to_laserscan/lib:/home/alex/thesis_ws/new_clone/src/pointcloud_to_laserscan/install/pointcloud_to_laserscan/lib:/opt/ros/humble/opt/rviz_ogre_vendor/lib:/opt/ros/humble/lib/x86_64-linux-gnu:/opt/ros/humble/lib /usr/bin/cmake --build /home/alex/thesis_ws/build/pointcloud_to_laserscan -- -j8 -l8
[0.047s] [ 20%] Built target laserscan_to_pointcloud_node
[0.048s] [ 40%] Built target pointcloud_to_laserscan_node
[0.052s] [ 60%] Built target laserscan_to_pointcloud
[0.065s] [35m[1mConsolidate compiler generated dependencies of target pointcloud_to_laserscan[0m
[0.084s] [ 70%] [32mBuilding CXX object CMakeFiles/pointcloud_to_laserscan.dir/src/pointcloud_to_laserscan_node.cpp.o[0m
[4.087s] [01m[K/home/alex/thesis_ws/src/pointcloud_to_laserscan/src/pointcloud_to_laserscan_node.cpp:[m[K In member function â€˜[01m[Kvoid pointcloud_to_laserscan::PointCloudToLaserScanNode::cloudCallback(sensor_msgs::msg::PointCloud2_<std::allocator<void> >::ConstSharedPtr)[m[Kâ€™:
[4.087s] [01m[K/home/alex/thesis_ws/src/pointcloud_to_laserscan/src/pointcloud_to_laserscan_node.cpp:165:44:[m[K [01;31m[Kerror: [m[Kno matching function for call to â€˜[01m[Ktf2_ros::Buffer::lookupTransform(const char [4], const char [10])[m[Kâ€™
[4.087s]   165 |   transform_stamped = [01;31m[Ktf2_->lookupTransform("map", "os_sensor")[m[K;//, tf2::TimePointZero);
[4.087s]       |                       [01;31m[K~~~~~~~~~~~~~~~~~~~~~^~~~~~~~~~~~~~~~~~~~[m[K
[4.087s] In file included from [01m[K/home/alex/thesis_ws/src/pointcloud_to_laserscan/include/pointcloud_to_laserscan/pointcloud_to_laserscan_node.hpp:50[m[K,
[4.087s]                  from [01m[K/home/alex/thesis_ws/src/pointcloud_to_laserscan/src/pointcloud_to_laserscan_node.cpp:41[m[K:
[4.087s] [01m[K/opt/ros/humble/include/tf2_ros/tf2_ros/buffer.h:90:3:[m[K [01;36m[Knote: [m[Kcandidate: â€˜[01m[Kvirtual geometry_msgs::msg::TransformStamped tf2_ros::Buffer::lookupTransform(const string&, const string&, const TimePoint&, tf2::Duration) const[m[Kâ€™
[4.087s]    90 |   [01;36m[KlookupTransform[m[K(
[4.087s]       |   [01;36m[K^~~~~~~~~~~~~~~[m[K
[4.087s] [01m[K/opt/ros/humble/include/tf2_ros/tf2_ros/buffer.h:90:3:[m[K [01;36m[Knote: [m[K  candidate expects 4 arguments, 2 provided
[4.087s] [01m[K/opt/ros/humble/include/tf2_ros/tf2_ros/buffer.h:100:3:[m[K [01;36m[Knote: [m[Kcandidate: â€˜[01m[Kgeometry_msgs::msg::TransformStamped tf2_ros::Buffer::lookupTransform(const string&, const string&, const rclcpp::Time&, rclcpp::Duration) const[m[Kâ€™
[4.087s]   100 |   [01;36m[KlookupTransform[m[K(
[4.087s]       |   [01;36m[K^~~~~~~~~~~~~~~[m[K
[4.087s] [01m[K/opt/ros/humble/include/tf2_ros/tf2_ros/buffer.h:100:3:[m[K [01;36m[Knote: [m[K  candidate expects 4 arguments, 2 provided
[4.087s] [01m[K/opt/ros/humble/include/tf2_ros/tf2_ros/buffer.h:122:3:[m[K [01;36m[Knote: [m[Kcandidate: â€˜[01m[Kvirtual geometry_msgs::msg::TransformStamped tf2_ros::Buffer::lookupTransform(const string&, const TimePoint&, const string&, const TimePoint&, const string&, tf2::Duration) const[m[Kâ€™
[4.087s]   122 |   [01;36m[KlookupTransform[m[K(
[4.087s]       |   [01;36m[K^~~~~~~~~~~~~~~[m[K
[4.087s] [01m[K/opt/ros/humble/include/tf2_ros/tf2_ros/buffer.h:122:3:[m[K [01;36m[Knote: [m[K  candidate expects 6 arguments, 2 provided
[4.087s] [01m[K/opt/ros/humble/include/tf2_ros/tf2_ros/buffer.h:134:3:[m[K [01;36m[Knote: [m[Kcandidate: â€˜[01m[Kgeometry_msgs::msg::TransformStamped tf2_ros::Buffer::lookupTransform(const string&, const rclcpp::Time&, const string&, const rclcpp::Time&, const string&, rclcpp::Duration) const[m[Kâ€™
[4.087s]   134 |   [01;36m[KlookupTransform[m[K(
[4.087s]       |   [01;36m[K^~~~~~~~~~~~~~~[m[K
[4.088s] [01m[K/opt/ros/humble/include/tf2_ros/tf2_ros/buffer.h:134:3:[m[K [01;36m[Knote: [m[K  candidate expects 6 arguments, 2 provided
[4.088s] In file included from [01m[K/opt/ros/humble/include/tf2_ros/tf2_ros/async_buffer_interface.h:39[m[K,
[4.088s]                  from [01m[K/opt/ros/humble/include/tf2_ros/tf2_ros/buffer.h:41[m[K,
[4.088s]                  from [01m[K/home/alex/thesis_ws/src/pointcloud_to_laserscan/include/pointcloud_to_laserscan/pointcloud_to_laserscan_node.hpp:50[m[K,
[4.088s]                  from [01m[K/home/alex/thesis_ws/src/pointcloud_to_laserscan/src/pointcloud_to_laserscan_node.cpp:41[m[K:
[4.088s] [01m[K/opt/ros/humble/include/tf2/tf2/buffer_core.hpp:156:3:[m[K [01;36m[Knote: [m[Kcandidate: â€˜[01m[Kvirtual geometry_msgs::msg::TransformStamped tf2::BufferCore::lookupTransform(const string&, const TimePoint&, const string&, const TimePoint&, const string&) const[m[Kâ€™
[4.088s]   156 |   [01;36m[KlookupTransform[m[K(
[4.088s]       |   [01;36m[K^~~~~~~~~~~~~~~[m[K
[4.088s] [01m[K/opt/ros/humble/include/tf2/tf2/buffer_core.hpp:156:3:[m[K [01;36m[Knote: [m[K  candidate expects 5 arguments, 2 provided
[4.088s] [01m[K/opt/ros/humble/include/tf2/tf2/buffer_core.hpp:138:3:[m[K [01;36m[Knote: [m[Kcandidate: â€˜[01m[Kvirtual geometry_msgs::msg::TransformStamped tf2::BufferCore::lookupTransform(const string&, const string&, const TimePoint&) const[m[Kâ€™
[4.088s]   138 |   [01;36m[KlookupTransform[m[K(
[4.088s]       |   [01;36m[K^~~~~~~~~~~~~~~[m[K
[4.088s] [01m[K/opt/ros/humble/include/tf2/tf2/buffer_core.hpp:138:3:[m[K [01;36m[Knote: [m[K  candidate expects 3 arguments, 2 provided
[6.777s] gmake[2]: *** [CMakeFiles/pointcloud_to_laserscan.dir/build.make:76: CMakeFiles/pointcloud_to_laserscan.dir/src/pointcloud_to_laserscan_node.cpp.o] Error 1
[6.777s] gmake[1]: *** [CMakeFiles/Makefile2:197: CMakeFiles/pointcloud_to_laserscan.dir/all] Error 2
[6.778s] gmake: *** [Makefile:146: all] Error 2
[6.779s] Invoked command in '/home/alex/thesis_ws/build/pointcloud_to_laserscan' returned '2': CMAKE_PREFIX_PATH=/home/alex/thesis_ws/install/pcl_ros:/home/alex/thesis_ws/install/pcl_conversions:/home/alex/thesis_ws/install/pointcloud_to_laserscan:/home/alex/thesis_ws/install/perception_pcl:/home/alex/thesis_ws/new_clone/src/pointcloud_to_laserscan/install/pointcloud_to_laserscan:/opt/ros/humble LD_LIBRARY_PATH=/home/alex/thesis_ws/install/pcl_ros/lib:/home/alex/thesis_ws/install/pointcloud_to_laserscan/lib:/home/alex/thesis_ws/new_clone/src/pointcloud_to_laserscan/install/pointcloud_to_laserscan/lib:/opt/ros/humble/opt/rviz_ogre_vendor/lib:/opt/ros/humble/lib/x86_64-linux-gnu:/opt/ros/humble/lib /usr/bin/cmake --build /home/alex/thesis_ws/build/pointcloud_to_laserscan -- -j8 -l8
