[0.006s] Invoking command in '/home/alex/thesis_ws/build/pointcloud_to_laserscan': AMENT_PREFIX_PATH=/home/alex/thesis_ws/install/pcl_ros:/home/alex/thesis_ws/install/pcl_conversions:${AMENT_PREFIX_PATH} CMAKE_PREFIX_PATH=/home/alex/thesis_ws/install/pcl_ros:/home/alex/thesis_ws/install/pcl_conversions:/home/alex/thesis_ws/install/pointcloud_to_laserscan:/opt/ros/humble LD_LIBRARY_PATH=/home/alex/thesis_ws/install/pcl_ros/lib:${LD_LIBRARY_PATH} /usr/bin/cmake --build /home/alex/thesis_ws/build/pointcloud_to_laserscan -- -j8 -l8
[0.037s] [35m[1mConsolidate compiler generated dependencies of target laserscan_to_pointcloud[0m
[0.045s] [ 40%] Built target pointcloud_to_laserscan_node
[0.045s] [ 40%] Built target laserscan_to_pointcloud_node
[0.050s] [ 60%] Built target laserscan_to_pointcloud
[0.058s] [35m[1mConsolidate compiler generated dependencies of target pointcloud_to_laserscan[0m
[0.076s] [ 70%] [32mBuilding CXX object CMakeFiles/pointcloud_to_laserscan.dir/src/pointcloud_to_laserscan_node.cpp.o[0m
[4.034s] [01m[K/home/alex/thesis_ws/src/pointcloud_to_laserscan/src/pointcloud_to_laserscan_node.cpp:[m[K In member function â€˜[01m[Kvoid pointcloud_to_laserscan::PointCloudToLaserScanNode::cloudCallback(sensor_msgs::msg::PointCloud2_<std::allocator<void> >::ConstSharedPtr)[m[Kâ€™:
[4.034s] [01m[K/home/alex/thesis_ws/src/pointcloud_to_laserscan/src/pointcloud_to_laserscan_node.cpp:199:19:[m[K [01;31m[Kerror: [m[Kâ€˜[01m[Kmax_height__longrange_[m[Kâ€™ was not declared in this scope; did you mean â€˜[01m[Kmax_height_longrange_[m[Kâ€™?
[4.034s]   199 |     if (*iter_z > [01;31m[Kmax_height__longrange_[m[K || *iter_z < min_height__longrange_) {
[4.034s]       |                   [01;31m[K^~~~~~~~~~~~~~~~~~~~~~[m[K
[4.034s]       |                   [32m[Kmax_height_longrange_[m[K
[4.041s] [01m[K/home/alex/thesis_ws/src/pointcloud_to_laserscan/src/pointcloud_to_laserscan_node.cpp:199:55:[m[K [01;31m[Kerror: [m[Kâ€˜[01m[Kmin_height__longrange_[m[Kâ€™ was not declared in this scope; did you mean â€˜[01m[Kmin_height_longrange_[m[Kâ€™?
[4.041s]   199 | r_z > max_height__longrange_ || *iter_z < [01;31m[Kmin_height__longrange_[m[K) {
[4.041s]       |                                           [01;31m[K^~~~~~~~~~~~~~~~~~~~~~[m[K
[4.041s]       |                                           [32m[Kmin_height_longrange_[m[K
[6.624s] gmake[2]: *** [CMakeFiles/pointcloud_to_laserscan.dir/build.make:76: CMakeFiles/pointcloud_to_laserscan.dir/src/pointcloud_to_laserscan_node.cpp.o] Error 1
[6.624s] gmake[1]: *** [CMakeFiles/Makefile2:197: CMakeFiles/pointcloud_to_laserscan.dir/all] Error 2
[6.624s] gmake: *** [Makefile:146: all] Error 2
[6.626s] Invoked command in '/home/alex/thesis_ws/build/pointcloud_to_laserscan' returned '2': AMENT_PREFIX_PATH=/home/alex/thesis_ws/install/pcl_ros:/home/alex/thesis_ws/install/pcl_conversions:${AMENT_PREFIX_PATH} CMAKE_PREFIX_PATH=/home/alex/thesis_ws/install/pcl_ros:/home/alex/thesis_ws/install/pcl_conversions:/home/alex/thesis_ws/install/pointcloud_to_laserscan:/opt/ros/humble LD_LIBRARY_PATH=/home/alex/thesis_ws/install/pcl_ros/lib:${LD_LIBRARY_PATH} /usr/bin/cmake --build /home/alex/thesis_ws/build/pointcloud_to_laserscan -- -j8 -l8
