[01m[K/home/alex/thesis_ws/src/pointcloud_to_laserscan/src/pointcloud_to_laserscan_node.cpp:[m[K In constructor â€˜[01m[Kpointcloud_to_laserscan::PointCloudToLaserScanNode::PointCloudToLaserScanNode(const rclcpp::NodeOptions&)[m[Kâ€™:
[01m[K/home/alex/thesis_ws/src/pointcloud_to_laserscan/src/pointcloud_to_laserscan_node.cpp:90:3:[m[K [01;31m[Kerror: [m[Kâ€˜[01m[Kpub_cloud_[m[Kâ€™ was not declared in this scope; did you mean â€˜[01m[Kpub_long_[m[Kâ€™?
   90 |   [01;31m[Kpub_cloud_[m[K = this->create_publisher<sensor_msgs::msg::PointCloud2>("scanner/pointcloud", rclcpp::SensorDataQoS());
      |   [01;31m[K^~~~~~~~~~[m[K
      |   [32m[Kpub_long_[m[K
[01m[K/home/alex/thesis_ws/src/pointcloud_to_laserscan/src/pointcloud_to_laserscan_node.cpp:[m[K In member function â€˜[01m[Kvoid pointcloud_to_laserscan::PointCloudToLaserScanNode::cloudCallback(sensor_msgs::msg::PointCloud2_<std::allocator<void> >::ConstSharedPtr)[m[Kâ€™:
[01m[K/home/alex/thesis_ws/src/pointcloud_to_laserscan/src/pointcloud_to_laserscan_node.cpp:224:5:[m[K [01;31m[Kerror: [m[Kâ€˜[01m[Kpub_cloud_[m[Kâ€™ was not declared in this scope; did you mean â€˜[01m[Kpub_long_[m[Kâ€™?
  224 |     [01;31m[Kpub_cloud_[m[K->publish(cloud_msg);
      |     [01;31m[K^~~~~~~~~~[m[K
      |     [32m[Kpub_long_[m[K
gmake[2]: *** [CMakeFiles/pointcloud_to_laserscan.dir/build.make:76: CMakeFiles/pointcloud_to_laserscan.dir/src/pointcloud_to_laserscan_node.cpp.o] Error 1
gmake[1]: *** [CMakeFiles/Makefile2:197: CMakeFiles/pointcloud_to_laserscan.dir/all] Error 2
gmake: *** [Makefile:146: all] Error 2
