[0.008s] Invoking command in '/home/alex/thesis_ws/new_clone/build/pointcloud_to_laserscan': CMAKE_PREFIX_PATH=${CMAKE_PREFIX_PATH}:/opt/ros/humble /usr/bin/cmake --build /home/alex/thesis_ws/new_clone/build/pointcloud_to_laserscan -- -j8 -l8
[0.048s] [ 20%] Built target laserscan_to_pointcloud_node
[0.052s] [ 40%] Built target laserscan_to_pointcloud
[0.053s] [ 60%] Built target pointcloud_to_laserscan_node
[0.066s] [ 70%] [32mBuilding CXX object CMakeFiles/pointcloud_to_laserscan.dir/src/pointcloud_to_laserscan_node.cpp.o[0m
[0.375s] [01m[K/home/alex/thesis_ws/new_clone/src/pointcloud_to_laserscan/src/pointcloud_to_laserscan_node.cpp:54:10:[m[K [01;31m[Kfatal error: [m[Kpcl_ros/transforms.hpp: No such file or directory
[0.375s]    54 | #include [01;31m[K"pcl_ros/transforms.hpp"[m[K
[0.376s]       |          [01;31m[K^~~~~~~~~~~~~~~~~~~~~~~~[m[K
[0.376s] compilation terminated.
[0.378s] gmake[2]: *** [CMakeFiles/pointcloud_to_laserscan.dir/build.make:76: CMakeFiles/pointcloud_to_laserscan.dir/src/pointcloud_to_laserscan_node.cpp.o] Error 1
[0.378s] gmake[1]: *** [CMakeFiles/Makefile2:197: CMakeFiles/pointcloud_to_laserscan.dir/all] Error 2
[0.378s] gmake: *** [Makefile:146: all] Error 2
[0.380s] Invoked command in '/home/alex/thesis_ws/new_clone/build/pointcloud_to_laserscan' returned '2': CMAKE_PREFIX_PATH=${CMAKE_PREFIX_PATH}:/opt/ros/humble /usr/bin/cmake --build /home/alex/thesis_ws/new_clone/build/pointcloud_to_laserscan -- -j8 -l8
